Log file open, 09/14/18 12:29:53
LogWindows: Failed to load 'aqProf.dll' (GetLastError=126)
LogWindows: File 'aqProf.dll' does not exist
LogWindows: Failed to load 'VSPerf140.dll' (GetLastError=126)
LogWindows: File 'VSPerf140.dll' does not exist
LogWindows: Failed to load 'VtuneApi.dll' (GetLastError=126)
LogWindows: File 'VtuneApi.dll' does not exist
LogWindows: Failed to load 'VtuneApi32e.dll' (GetLastError=126)
LogWindows: File 'VtuneApi32e.dll' does not exist
LogInit: Display: Running engine for game: TheWitchsBrew
LogPlatformFile: Not using cached read wrapper
LogTaskGraph: Started task graph with 5 named threads and 11 total threads with 3 sets of task threads.
LogStats: Stats thread started at 0.222883
LogD3D11RHI: Loaded GFSDK_Aftermath_Lib.x64.dll
LogICUInternationalization: Display: ICU TimeZone Detection - Raw Offset: -5:00, Platform Override: ''
LogPluginManager: Mounting plugin Paper2D
LogPluginManager: Mounting plugin AISupport
LogPluginManager: Mounting plugin LightPropagationVolume
LogPluginManager: Mounting plugin CLionSourceCodeAccess
LogPluginManager: Mounting plugin CodeLiteSourceCodeAccess
LogPluginManager: Mounting plugin GitSourceControl
LogPluginManager: Mounting plugin KDevelopSourceCodeAccess
LogPluginManager: Mounting plugin NullSourceCodeAccess
LogPluginManager: Mounting plugin PerforceSourceControl
LogPluginManager: Mounting plugin SubversionSourceControl
LogPluginManager: Mounting plugin UObjectPlugin
LogPluginManager: Mounting plugin VisualStudioCodeSourceCodeAccess
LogPluginManager: Mounting plugin VisualStudioSourceCodeAccess
LogPluginManager: Mounting plugin XCodeSourceCodeAccess
LogPluginManager: Mounting plugin AssetManagerEditor
LogPluginManager: Mounting plugin CryptoKeys
LogPluginManager: Mounting plugin DataValidation
LogPluginManager: Mounting plugin FacialAnimation
LogPluginManager: Mounting plugin GameplayTagsEditor
LogPluginManager: Mounting plugin MacGraphicsSwitching
LogPluginManager: Mounting plugin MeshEditor
LogPluginManager: Mounting plugin MobileLauncherProfileWizard
LogPluginManager: Mounting plugin PluginBrowser
LogPluginManager: Mounting plugin SpeedTreeImporter
LogPluginManager: Mounting plugin DatasmithContent
LogPluginManager: Mounting plugin AlembicImporter
LogPluginManager: Mounting plugin AppleImageUtils
LogPluginManager: Mounting plugin AppleVision
LogPluginManager: Mounting plugin BackChannel
LogPluginManager: Mounting plugin CharacterAI
LogPluginManager: Mounting plugin GeometryCache
LogPluginManager: Mounting plugin HTML5Networking
LogPluginManager: Mounting plugin ProxyLODPlugin
LogPluginManager: Mounting plugin MagicLeap
LogPluginManager: Mounting plugin MagicLeapEmulator
LogPluginManager: Mounting plugin MagicLeapMedia
LogPluginManager: Mounting plugin AndroidMedia
LogPluginManager: Mounting plugin AvfMedia
LogPluginManager: Mounting plugin ImgMedia
LogPluginManager: Mounting plugin LinearTimecode
LogPluginManager: Mounting plugin MediaCompositing
LogPluginManager: Mounting plugin MediaPlayerEditor
LogPluginManager: Mounting plugin WmfMedia
LogPluginManager: Mounting plugin TcpMessaging
LogPluginManager: Mounting plugin UdpMessaging
LogPluginManager: Mounting plugin ActorSequence
LogPluginManager: Mounting plugin LevelSequenceEditor
LogPluginManager: Mounting plugin MatineeToLevelSequence
LogPluginManager: Mounting plugin NetcodeUnitTest
LogPluginManager: Mounting plugin NUTUnrealEngine4
LogPluginManager: Mounting plugin OnlineSubsystemGooglePlay
LogPluginManager: Mounting plugin OnlineSubsystemIOS
LogPluginManager: Mounting plugin OnlineSubsystem
LogPluginManager: Mounting plugin OnlineSubsystemNull
LogPluginManager: Mounting plugin OnlineSubsystemUtils
LogPluginManager: Mounting plugin LauncherChunkInstaller
LogPluginManager: Mounting plugin AndroidDeviceProfileSelector
LogPluginManager: Mounting plugin AndroidMoviePlayer
LogPluginManager: Mounting plugin AndroidPermission
LogPluginManager: Mounting plugin AppleMoviePlayer
LogPluginManager: Mounting plugin ArchVisCharacter
LogPluginManager: Mounting plugin AudioCapture
LogPluginManager: Mounting plugin CableComponent
LogPluginManager: Mounting plugin CustomMeshComponent
LogPluginManager: Mounting plugin EditableMesh
LogPluginManager: Mounting plugin ExampleDeviceProfileSelector
LogPluginManager: Mounting plugin GoogleCloudMessaging
LogPluginManager: Mounting plugin ImmediatePhysics
LogPluginManager: Mounting plugin IOSDeviceProfileSelector
LogPluginManager: Mounting plugin LinuxDeviceProfileSelector
LogPluginManager: Mounting plugin LocationServicesBPLibrary
LogPluginManager: Mounting plugin MobilePatchingUtils
LogPluginManager: Mounting plugin OculusVR
LogPluginManager: Plugin shader directory ../../../Engine/Plugins/Runtime/Oculus/OculusVR/Shaders found
LogPluginManager: Mapping shader source directory ../../../Engine/Plugins/Runtime/Oculus/OculusVR/Shaders to virtual directory /Plugin/OculusVR
LogPluginManager: Mounting plugin PhysXVehicles
LogPluginManager: Mounting plugin ProceduralMeshComponent
LogPluginManager: Mounting plugin RuntimePhysXCooking
LogPluginManager: Mounting plugin SteamVR
LogPluginManager: Mounting plugin WindowsMoviePlayer
LogStreaming: Display: Took  0.348s to configure plugins.
LogInit: Using libcurl 7.55.1-DEV
LogInit:  - built for x86_64-pc-win32
LogInit:  - supports SSL with OpenSSL/1.0.2h
LogInit:  - supports HTTP deflate (compression) using libz 1.2.8
LogInit:  - other features:
LogInit:      CURL_VERSION_SSL
LogInit:      CURL_VERSION_LIBZ
LogInit:      CURL_VERSION_IPV6
LogInit:      CURL_VERSION_ASYNCHDNS
LogInit:      CURL_VERSION_LARGEFILE
LogInit:      CURL_VERSION_IDN
LogInit:  CurlRequestOptions (configurable via config and command line):
LogInit:  - bVerifyPeer = false  - Libcurl will NOT verify peer certificate
LogInit:  - bUseHttpProxy = false  - Libcurl will NOT use HTTP proxy
LogInit:  - bDontReuseConnections = false  - Libcurl will reuse connections
LogInit:  - CertBundlePath = nullptr  - Libcurl will use whatever was configured at build time.
LogInit:  - MaxHostConnections = 16  - Libcurl will limit the number of connections to a host
LogInit:  - LocalHostAddr = Default
LogInit:  - BufferSize = 65536
LogInit: WinSock: version 1.1 (2.2), MaxSocks=32767, MaxUdp=65467
LogInit: Build: ++UE4+Release-4.20-CL-4302132
LogInit: Engine Version: 4.20.2-4302132+++UE4+Release-4.20
LogInit: Compatible Engine Version: 4.20.0-4212847+++UE4+Release-4.20
LogInit: Net CL: 4212847
LogInit: OS: Windows 10 (), CPU: AMD Athlon(tm) X4 860K Quad Core Processor     , GPU: NVIDIA GeForce GTX 1050 Ti
LogInit: Compiled (64-bit): Aug 21 2018 02:06:06
LogInit: Compiled with Visual C++: 19.13.26129.00
LogInit: Build Configuration: Development
LogInit: Branch Name: ++UE4+Release-4.20
LogInit: Command Line: 
LogInit: Base Directory: C:/Program Files/Epic Games/UE_4.20/Engine/Binaries/Win64/
LogInit: Installed Engine Build: 1
LogDevObjectVersion: Number of dev versions registered: 20
LogDevObjectVersion:   Dev-Blueprints (B0D832E4-1F89-4F0D-ACCF-7EB736FD4AA2): 10
LogDevObjectVersion:   Dev-Build (E1C64328-A22C-4D53-A36C-8E866417BD8C): 0
LogDevObjectVersion:   Dev-Core (375EC13C-06E4-48FB-B500-84F0262A717E): 2
LogDevObjectVersion:   Dev-Editor (E4B068ED-F494-42E9-A231-DA0B2E46BB41): 24
LogDevObjectVersion:   Dev-Framework (CFFC743F-43B0-4480-9391-14DF171D2073): 34
LogDevObjectVersion:   Dev-Mobile (B02B49B5-BB20-44E9-A304-32B752E40360): 2
LogDevObjectVersion:   Dev-Networking (A4E4105C-59A1-49B5-A7C5-40C4547EDFEE): 0
LogDevObjectVersion:   Dev-Online (39C831C9-5AE6-47DC-9A44-9C173E1C8E7C): 0
LogDevObjectVersion:   Dev-Physics (78F01B33-EBEA-4F98-B9B4-84EACCB95AA2): 0
LogDevObjectVersion:   Dev-Platform (6631380F-2D4D-43E0-8009-CF276956A95A): 0
LogDevObjectVersion:   Dev-Rendering (12F88B9F-8875-4AFC-A67C-D90C383ABD29): 26
LogDevObjectVersion:   Dev-Sequencer (7B5AE74C-D270-4C10-A958-57980B212A5A): 9
LogDevObjectVersion:   Dev-VR (D7296918-1DD6-4BDD-9DE2-64A83CC13884): 2
LogDevObjectVersion:   Dev-LoadTimes (C2A15278-BFE7-4AFE-6C17-90FF531DF755): 1
LogDevObjectVersion:   Private-Geometry (6EACA3D4-40EC-4CC1-B786-8BED09428FC5): 3
LogDevObjectVersion:   Dev-AnimPhys (29E575DD-E0A3-4627-9D10-D276232CDCEA): 17
LogDevObjectVersion:   Dev-ReflectionCapture (6B266CEC-1EC7-4B8F-A30B-E4D90942FC07): 1
LogDevObjectVersion:   Dev-Automation (0DF73D61-A23F-47EA-B727-89E90C41499A): 1
LogDevObjectVersion:   FortniteMain (601D1886-AC64-4F84-AA16-D3DE0DEAC7D6): 12
LogDevObjectVersion:   Dev-Enterprise (9DFFBCD6-494F-0158-E221-12823C92A888): 1
LogStreaming: Display: Took  0.001s to delete old logs.
LogInit: Presizing for max 8388607 objects, including 0 objects not considered by GC, pre-allocating 0 bytes for permanent pool.
LogInit: Object subsystem initialized
[2018.09.14-16.29.53:914][  0]LogInit: Selected Device Profile: [Windows]
[2018.09.14-16.29.53:914][  0]LogInit: Applying CVar settings loaded from the selected device profile: [Windows]
[2018.09.14-16.29.53:934][  0]LogHAL: Display: Platform has ~ 12 GB [12824489984 / 17179869184 / 12], which maps to Larger [LargestMinGB=32, LargerMinGB=12, DefaultMinGB=8, SmallerMinGB=6, SmallestMinGB=0)
[2018.09.14-16.29.53:935][  0]LogInit: Setting Device Profile CVar: [[r.Vulkan.UseRealUBs:1]]
[2018.09.14-16.29.53:935][  0]LogInit: Going up to parent DeviceProfile []
[2018.09.14-16.29.53:935][  0]LogInit: Computer: ATLAS-PC
[2018.09.14-16.29.53:935][  0]LogInit: User: Atlas
[2018.09.14-16.29.53:935][  0]LogInit: CPU Page size=4096, Cores=2
[2018.09.14-16.29.53:935][  0]LogInit: High frequency timer resolution =3.604258 MHz
[2018.09.14-16.29.53:936][  0]LogMemory: Memory total: Physical=11.9GB (12GB approx)
[2018.09.14-16.29.53:936][  0]LogMemory: Platform Memory Stats for Windows
[2018.09.14-16.29.53:936][  0]LogMemory: Process Physical Memory: 99.88 MB used, 99.88 MB peak
[2018.09.14-16.29.53:936][  0]LogMemory: Process Virtual Memory: 84.41 MB used, 84.41 MB peak
[2018.09.14-16.29.53:936][  0]LogMemory: Physical Memory: 5175.46 MB used,  7054.93 MB free, 12230.39 MB total
[2018.09.14-16.29.53:936][  0]LogMemory: Virtual Memory: 4602.05 MB used,  7054.93 MB free, 134217728.00 MB total
[2018.09.14-16.29.53:974][  0]LogInit: Using OS detected language (en-US).
[2018.09.14-16.29.53:974][  0]LogInit: Using OS detected locale (en-US).
[2018.09.14-16.29.53:976][  0]LogTextLocalizationManager: No specific localization for 'en-US' exists, so the 'en' localization will be used.
[2018.09.14-16.29.54:486][  0]LogStreaming: Display: Took  0.512s to InitEngineTextLocalization.
[2018.09.14-16.29.54:486][  0]LogInit: Setting process to per monitor DPI aware
[2018.09.14-16.29.54:549][  0]LogSlate: New Slate User Created.  User Index 0, Is Virtual User: 0
[2018.09.14-16.29.54:549][  0]LogSlate: Slate User Registered.  User Index 0, Is Virtual User: 0
[2018.09.14-16.29.54:889][  0]LogHMD: Failed to initialize OpenVR with code 110
[2018.09.14-16.29.54:889][  0]LogD3D11RHI: D3D11 adapters:
[2018.09.14-16.29.54:989][  0]LogD3D11RHI:    0. 'NVIDIA GeForce GTX 1050 Ti' (Feature Level 11_0)
[2018.09.14-16.29.54:989][  0]LogD3D11RHI:       4018/0/6115 MB DedicatedVideo/DedicatedSystem/SharedSystem, Outputs:1, VendorId:0x10de
[2018.09.14-16.29.54:993][  0]LogD3D11RHI:    1. 'Microsoft Basic Render Driver' (Feature Level 11_0)
[2018.09.14-16.29.54:993][  0]LogD3D11RHI:       0/0/6115 MB DedicatedVideo/DedicatedSystem/SharedSystem, Outputs:0, VendorId:0x1414
[2018.09.14-16.29.54:993][  0]LogD3D11RHI: Chosen D3D11 Adapter: 0
[2018.09.14-16.29.55:004][  0]LogD3D11RHI: Creating new Direct3DDevice
[2018.09.14-16.29.55:004][  0]LogD3D11RHI:     GPU DeviceId: 0x1c82 (for the marketing name, search the web for "GPU Device Id")
[2018.09.14-16.29.55:004][  0]LogWindows: EnumDisplayDevices:
[2018.09.14-16.29.55:004][  0]LogWindows:    0. 'NVIDIA GeForce GTX 1050 Ti' (P:1 D:1)
[2018.09.14-16.29.55:004][  0]LogWindows:    1. 'NVIDIA GeForce GTX 1050 Ti' (P:0 D:0)
[2018.09.14-16.29.55:005][  0]LogWindows:    2. 'NVIDIA GeForce GTX 1050 Ti' (P:0 D:0)
[2018.09.14-16.29.55:005][  0]LogWindows:    3. 'NVIDIA GeForce GTX 1050 Ti' (P:0 D:0)
[2018.09.14-16.29.55:006][  0]LogWindows: DebugString: FoundDriverCount:4 
[2018.09.14-16.29.55:006][  0]LogD3D11RHI:     Adapter Name: NVIDIA GeForce GTX 1050 Ti
[2018.09.14-16.29.55:006][  0]LogD3D11RHI:   Driver Version: 399.24 (internal:24.21.13.9924, unified:399.24)
[2018.09.14-16.29.55:006][  0]LogD3D11RHI:      Driver Date: 9-5-2018
[2018.09.14-16.29.55:006][  0]LogRHI: Texture pool is 2812 MB (70% of 4018 MB)
[2018.09.14-16.29.55:075][  0]LogD3D11RHI: Async texture creation enabled
[2018.09.14-16.29.55:108][  0]LogD3D11RHI: GPU Timing Frequency: 1000.000000 (Debug: 2 2)
[2018.09.14-16.29.55:111][  0]LogShaderCompilers: Guid format shader working directory is -54 characters bigger than the processId version (../../../../../../Users/Atlas/Documents/Unreal Projects/TheWitchesBrew/TheWitchesBrew/TheWitchsBrew/Intermediate/Shaders/WorkingDirectory/13084/).
[2018.09.14-16.29.55:112][  0]LogShaderCompilers: Cleaned the shader compiler working directory 'C:/Users/Atlas/AppData/Local/Temp/UnrealShaderWorkingDir/1130E25142F46A5A1917DDB4D58CD699/'.
[2018.09.14-16.29.55:609][  0]LogTemp: Display: Loaded TP AllDesktopTargetPlatform
[2018.09.14-16.29.55:634][  0]LogTemp: Display: Loaded TP MacClientTargetPlatform
[2018.09.14-16.29.55:659][  0]LogTemp: Display: Loaded TP MacNoEditorTargetPlatform
[2018.09.14-16.29.55:685][  0]LogTemp: Display: Loaded TP MacServerTargetPlatform
[2018.09.14-16.29.55:709][  0]LogTemp: Display: Loaded TP MacTargetPlatform
[2018.09.14-16.29.55:734][  0]LogTemp: Display: Loaded TP WindowsClientTargetPlatform
[2018.09.14-16.29.55:757][  0]LogTemp: Display: Loaded TP WindowsNoEditorTargetPlatform
[2018.09.14-16.29.55:781][  0]LogTemp: Display: Loaded TP WindowsServerTargetPlatform
[2018.09.14-16.29.55:793][  0]LogTemp: Display: Loaded TP WindowsTargetPlatform
[2018.09.14-16.29.55:930][  0]LogTemp: Display: Loaded TP AndroidTargetPlatform
[2018.09.14-16.29.55:930][  0]LogTemp: Display: Loaded TP AndroidTargetPlatform
[2018.09.14-16.29.55:930][  0]LogTemp: Display: Loaded TP AndroidTargetPlatform
[2018.09.14-16.29.55:930][  0]LogTemp: Display: Loaded TP AndroidTargetPlatform
[2018.09.14-16.29.55:930][  0]LogTemp: Display: Loaded TP AndroidTargetPlatform
[2018.09.14-16.29.55:930][  0]LogTemp: Display: Loaded TP AndroidTargetPlatform
[2018.09.14-16.29.55:930][  0]LogTemp: Display: Loaded TP AndroidTargetPlatform
[2018.09.14-16.29.55:930][  0]LogTemp: Display: Loaded TP AndroidTargetPlatform
[2018.09.14-16.29.55:930][  0]LogTemp: Display: Loaded TP AndroidTargetPlatform
[2018.09.14-16.29.55:930][  0]LogTemp: Display: Loaded TP AndroidTargetPlatform
[2018.09.14-16.29.55:930][  0]LogTemp: Display: Loaded TP AndroidTargetPlatform
[2018.09.14-16.29.55:930][  0]LogTemp: Display: Loaded TP AndroidTargetPlatform
[2018.09.14-16.29.55:930][  0]LogTemp: Display: Loaded TP AndroidTargetPlatform
[2018.09.14-16.29.55:930][  0]LogTemp: Display: Loaded TP AndroidTargetPlatform
[2018.09.14-16.29.55:930][  0]LogTemp: Display: Loaded TP AndroidTargetPlatform
[2018.09.14-16.29.55:930][  0]LogTemp: Display: Loaded TP AndroidTargetPlatform
[2018.09.14-16.29.55:930][  0]LogTemp: Display: Loaded TP AndroidTargetPlatform
[2018.09.14-16.29.55:930][  0]LogTemp: Display: Loaded TP AndroidTargetPlatform
[2018.09.14-16.29.55:933][  0]LogTemp: Display: Loaded TP HTML5TargetPlatform
[2018.09.14-16.29.56:015][  0]LogTemp: Display: Loaded TP IOSTargetPlatform
[2018.09.14-16.29.56:015][  0]LogTemp: Display: Loaded TP IOSTargetPlatform
[2018.09.14-16.29.56:059][  0]LogTemp: Display: Loaded TP TVOSTargetPlatform
[2018.09.14-16.29.56:059][  0]LogTemp: Display: Loaded TP TVOSTargetPlatform
[2018.09.14-16.29.56:082][  0]LogTemp: Display: Loaded TP LinuxClientTargetPlatform
[2018.09.14-16.29.56:104][  0]LogTemp: Display: Loaded TP LinuxNoEditorTargetPlatform
[2018.09.14-16.29.56:128][  0]LogTemp: Display: Loaded TP LinuxServerTargetPlatform
[2018.09.14-16.29.56:153][  0]LogTemp: Display: Loaded TP LinuxTargetPlatform
[2018.09.14-16.29.56:171][  0]LogTemp: Display: Loaded TP LuminTargetPlatform
[2018.09.14-16.29.56:171][  0]LogTargetPlatformManager: Display: Building Assets For Windows
[2018.09.14-16.29.56:287][  0]LogXGEController: Cannot use XGE Controller as Incredibuild is not installed on this machine.
[2018.09.14-16.29.56:287][  0]LogShaderCompilers: Cannot use XGE Shader Compiler as Incredibuild is not installed on this machine.
[2018.09.14-16.29.56:287][  0]LogShaderCompilers: Display: Using Local Shader Compiler.
[2018.09.14-16.29.57:888][  0]LogDerivedDataCache: Display: Max Cache Size: 512 MB
[2018.09.14-16.29.57:980][  0]LogDerivedDataCache: Loaded boot cache 0.09s 71MB C:/Users/Atlas/AppData/Local/UnrealEngine/4.20/DerivedDataCache/Boot.ddc.
[2018.09.14-16.29.57:981][  0]LogDerivedDataCache: Display: Loaded Boot cache: C:/Users/Atlas/AppData/Local/UnrealEngine/4.20/DerivedDataCache/Boot.ddc
[2018.09.14-16.29.57:981][  0]LogDerivedDataCache: FDerivedDataBackendGraph:  Pak pak cache file ../../../../../../Users/Atlas/Documents/Unreal Projects/TheWitchesBrew/TheWitchesBrew/TheWitchsBrew/DerivedDataCache/DDC.ddp not found, will not use a pak cache.
[2018.09.14-16.29.57:981][  0]LogDerivedDataCache: Unable to find inner node Pak for hierarchical cache Hierarchy.
[2018.09.14-16.29.57:981][  0]LogDerivedDataCache: FDerivedDataBackendGraph:  CompressedPak pak cache file ../../../../../../Users/Atlas/Documents/Unreal Projects/TheWitchesBrew/TheWitchesBrew/TheWitchsBrew/DerivedDataCache/Compressed.ddp not found, will not use a pak cache.
[2018.09.14-16.29.57:981][  0]LogDerivedDataCache: Unable to find inner node CompressedPak for hierarchical cache Hierarchy.
[2018.09.14-16.29.57:998][  0]LogDerivedDataCache: Display: Pak cache opened for reading ../../../Engine/DerivedDataCache/Compressed.ddp.
[2018.09.14-16.29.58:013][  0]LogDerivedDataCache: Using Local data cache path C:/Users/Atlas/AppData/Local/UnrealEngine/Common/DerivedDataCache: Writable
[2018.09.14-16.29.58:013][  0]LogDerivedDataCache: Shared data cache path not found in *engine.ini, will not use an Shared cache.
[2018.09.14-16.29.58:013][  0]LogDerivedDataCache: Unable to find inner node Shared for hierarchical cache Hierarchy.
[2018.09.14-16.29.58:043][  0]LogMaterial: Verifying Global Shaders for PCD3D_SM5
[2018.09.14-16.29.58:045][  0]LogSlate: Using FreeType 2.6.0
[2018.09.14-16.29.58:046][  0]LogSlate: SlateFontServices - WITH_FREETYPE: 1, WITH_HARFBUZZ: 1
[2018.09.14-16.29.58:151][  0]LogAssetRegistry: FAssetRegistry took 0.0294 seconds to start up
[2018.09.14-16.29.58:700][  0]LogInit: Selected Device Profile: [Windows]
[2018.09.14-16.29.58:898][  0]LogSimplygon: Simplygon DLL not present - disabling.
[2018.09.14-16.29.58:905][  0]LogMeshReduction: Using SimplygonSwarm for distributed automatic mesh merging
[2018.09.14-16.29.58:905][  0]LogMeshReduction: Using ProxyLODMeshReduction for automatic mesh merging
[2018.09.14-16.29.58:905][  0]LogMeshReduction: Using QuadricMeshReduction for automatic static mesh reduction
[2018.09.14-16.29.58:905][  0]LogMeshReduction: No automatic skeletal mesh reduction module available
[2018.09.14-16.29.58:926][  0]LogNetVersion: TheWitchsBrew 1.0.0, NetCL: 4212847, EngineNetVer: 5, GameNetVer: 0 (Checksum: 2511835505)
[2018.09.14-16.29.59:790][  0]LogPackageLocalizationCache: Processed 11 localized package path(s) for 2 prioritized culture(s) in 0.271537 seconds
[2018.09.14-16.29.59:800][  0]LogUObjectArray: 38425 objects as part of root set at end of initial load.
[2018.09.14-16.29.59:800][  0]LogUObjectAllocator: 6690872 out of 0 bytes used by permanent object pool.
[2018.09.14-16.29.59:800][  0]LogUObjectArray: CloseDisregardForGC: 0/0 objects in disregard for GC pool
[2018.09.14-16.30.01:108][  0]LogTcpMessaging: Initializing TcpMessaging bridge
[2018.09.14-16.30.01:124][  0]LogUdpMessaging: Initializing bridge on interface 0.0.0.0:0 to multicast group 230.0.0.1:6666.
[2018.09.14-16.30.01:347][  0]SourceControl: Source control is disabled
[2018.09.14-16.30.01:347][  0]LogWindows: Warning: CreateProc failed: The system cannot find the file specified. (0x00000002)
[2018.09.14-16.30.01:348][  0]LogWindows: Warning: URL: C:/Program Files/Git/bin/git.exe version
[2018.09.14-16.30.01:348][  0]LogWindows: Warning: CreateProc failed: The system cannot find the file specified. (0x00000002)
[2018.09.14-16.30.01:348][  0]LogWindows: Warning: URL: C:/Program Files (x86)/Git/bin/git.exe version
[2018.09.14-16.30.01:348][  0]LogWindows: Warning: CreateProc failed: The system cannot find the file specified. (0x00000002)
[2018.09.14-16.30.01:348][  0]LogWindows: Warning: URL: C:\Users\Atlas\AppData\Local/Programs/Git/cmd/git.exe version
[2018.09.14-16.30.01:349][  0]LogWindows: Warning: CreateProc failed: The system cannot find the file specified. (0x00000002)
[2018.09.14-16.30.01:349][  0]LogWindows: Warning: URL: C:/Program Files (x86)/SmartGit/git/bin/git.exe version
[2018.09.14-16.30.01:349][  0]LogWindows: Warning: CreateProc failed: The system cannot find the file specified. (0x00000002)
[2018.09.14-16.30.01:349][  0]LogWindows: Warning: URL: C:/Program Files (x86)/SmartGit/bin/git.exe version
[2018.09.14-16.30.01:349][  0]LogWindows: Warning: CreateProc failed: The system cannot find the file specified. (0x00000002)
[2018.09.14-16.30.01:349][  0]LogWindows: Warning: URL: C:\Users\Atlas\AppData\Local/Atlassian/SourceTree/git_local/bin/git.exe version
[2018.09.14-16.30.01:350][  0]LogWindows: Warning: CreateProc failed: The system cannot find the file specified. (0x00000002)
[2018.09.14-16.30.01:350][  0]LogWindows: Warning: URL: C:/Program Files (x86)/fournova/Tower/vendor/Git/bin/git.exe version
[2018.09.14-16.30.01:354][  0]LogWindows: Warning: CreateProc failed: The system cannot find the file specified. (0x00000002)
[2018.09.14-16.30.01:354][  0]LogWindows: Warning: URL: C:/Program Files/Git/bin/git.exe version
[2018.09.14-16.30.01:354][  0]LogWindows: Warning: CreateProc failed: The system cannot find the file specified. (0x00000002)
[2018.09.14-16.30.01:354][  0]LogWindows: Warning: URL: C:/Program Files (x86)/Git/bin/git.exe version
[2018.09.14-16.30.01:354][  0]LogWindows: Warning: CreateProc failed: The system cannot find the file specified. (0x00000002)
[2018.09.14-16.30.01:354][  0]LogWindows: Warning: URL: C:\Users\Atlas\AppData\Local/Programs/Git/cmd/git.exe version
[2018.09.14-16.30.01:355][  0]LogWindows: Warning: CreateProc failed: The system cannot find the file specified. (0x00000002)
[2018.09.14-16.30.01:355][  0]LogWindows: Warning: URL: C:/Program Files (x86)/SmartGit/git/bin/git.exe version
[2018.09.14-16.30.01:355][  0]LogWindows: Warning: CreateProc failed: The system cannot find the file specified. (0x00000002)
[2018.09.14-16.30.01:355][  0]LogWindows: Warning: URL: C:/Program Files (x86)/SmartGit/bin/git.exe version
[2018.09.14-16.30.01:355][  0]LogWindows: Warning: CreateProc failed: The system cannot find the file specified. (0x00000002)
[2018.09.14-16.30.01:355][  0]LogWindows: Warning: URL: C:\Users\Atlas\AppData\Local/Atlassian/SourceTree/git_local/bin/git.exe version
[2018.09.14-16.30.01:356][  0]LogWindows: Warning: CreateProc failed: The system cannot find the file specified. (0x00000002)
[2018.09.14-16.30.01:356][  0]LogWindows: Warning: URL: C:/Program Files (x86)/fournova/Tower/vendor/Git/bin/git.exe version
[2018.09.14-16.30.01:358][  0]LogWindows: Warning: CreateProc failed: The system cannot find the file specified. (0x00000002)
[2018.09.14-16.30.01:358][  0]LogWindows: Warning: URL: C:/Program Files/Git/bin/git.exe version
[2018.09.14-16.30.01:358][  0]LogWindows: Warning: CreateProc failed: The system cannot find the file specified. (0x00000002)
[2018.09.14-16.30.01:358][  0]LogWindows: Warning: URL: C:/Program Files (x86)/Git/bin/git.exe version
[2018.09.14-16.30.01:358][  0]LogWindows: Warning: CreateProc failed: The system cannot find the file specified. (0x00000002)
[2018.09.14-16.30.01:358][  0]LogWindows: Warning: URL: C:\Users\Atlas\AppData\Local/Programs/Git/cmd/git.exe version
[2018.09.14-16.30.01:359][  0]LogWindows: Warning: CreateProc failed: The system cannot find the file specified. (0x00000002)
[2018.09.14-16.30.01:359][  0]LogWindows: Warning: URL: C:/Program Files (x86)/SmartGit/git/bin/git.exe version
[2018.09.14-16.30.01:359][  0]LogWindows: Warning: CreateProc failed: The system cannot find the file specified. (0x00000002)
[2018.09.14-16.30.01:359][  0]LogWindows: Warning: URL: C:/Program Files (x86)/SmartGit/bin/git.exe version
[2018.09.14-16.30.01:359][  0]LogWindows: Warning: CreateProc failed: The system cannot find the file specified. (0x00000002)
[2018.09.14-16.30.01:359][  0]LogWindows: Warning: URL: C:\Users\Atlas\AppData\Local/Atlassian/SourceTree/git_local/bin/git.exe version
[2018.09.14-16.30.01:360][  0]LogWindows: Warning: CreateProc failed: The system cannot find the file specified. (0x00000002)
[2018.09.14-16.30.01:360][  0]LogWindows: Warning: URL: C:/Program Files (x86)/fournova/Tower/vendor/Git/bin/git.exe version
[2018.09.14-16.30.01:805][  0]LogAndroidPermission: UAndroidPermissionCallbackProxy::GetInstance
[2018.09.14-16.30.01:946][  0]LogOcInput: OculusInput pre-init called
[2018.09.14-16.30.02:040][  0]LogEngine: Initializing Engine...
[2018.09.14-16.30.02:042][  0]LogHMD: Failed to initialize OpenVR with code 110
[2018.09.14-16.30.02:045][  0]LogStats: UGameplayTagsManager::ConstructGameplayTagTree: ImportINI prefixes -  0.000 s
[2018.09.14-16.30.02:045][  0]LogStats: UGameplayTagsManager::ConstructGameplayTagTree: Construct from data asset -  0.000 s
[2018.09.14-16.30.02:045][  0]LogStats: UGameplayTagsManager::ConstructGameplayTagTree: ImportINI -  0.000 s
[2018.09.14-16.30.02:045][  0]LogStats: UGameplayTagsManager::ConstructGameplayTagTree: GameplayTagTreeChangedEvent.Broadcast -  0.000 s
[2018.09.14-16.30.02:447][  0]LogInit: Initializing FReadOnlyCVARCache
[2018.09.14-16.30.02:478][  0]LogAIModule: Creating AISystem for world Untitled
[2018.09.14-16.30.02:526][  0]LogInit: XAudio2 using 'Speakers (3- High Definition Audio Device)' : 2 channels at 48 kHz using 16 bits per sample (channel mask 0x3)
[2018.09.14-16.30.02:581][  0]LogInit: FAudioDevice initialized.
[2018.09.14-16.30.02:582][  0]LogNetVersion: Set ProjectVersion to 1.0.0.0. Version Checksum will be recalculated on next use.
[2018.09.14-16.30.03:161][  0]LogDerivedDataCache: Saved boot cache 0.58s 71MB C:/Users/Atlas/AppData/Local/UnrealEngine/4.20/DerivedDataCache/Boot.ddc.
[2018.09.14-16.30.03:217][  0]LogInit: Texture streaming: Enabled
[2018.09.14-16.30.03:252][  0]LogEngineSessionManager: EngineSessionManager initialized
[2018.09.14-16.30.03:276][  0]LogInit: Transaction tracking system initialized
[2018.09.14-16.30.03:318][  0]BlueprintLog: New page: Editor Load
[2018.09.14-16.30.03:469][  0]LocalizationService: Localization service is disabled
[2018.09.14-16.30.03:876][  0]LogCook: Display: Max memory allowance for cook 16384mb min free memory 0mb
[2018.09.14-16.30.03:876][  0]LogCook: Display: Mobile HDR setting 1
[2018.09.14-16.30.03:876][  0]LogGameplayTags: Display: UGameplayTagsManager::DoneAddingNativeTags. DelegateIsBound: 0
[2018.09.14-16.30.03:876][  0]LogStats: UGameplayTagsManager::ConstructGameplayTagTree: ImportINI prefixes -  0.000 s
[2018.09.14-16.30.03:876][  0]LogStats: UGameplayTagsManager::ConstructGameplayTagTree: Construct from data asset -  0.000 s
[2018.09.14-16.30.03:877][  0]LogStats: UGameplayTagsManager::ConstructGameplayTagTree: ImportINI -  0.000 s
[2018.09.14-16.30.03:877][  0]LogStats: UGameplayTagsManager::ConstructGameplayTagTree: GameplayTagTreeChangedEvent.Broadcast -  0.000 s
[2018.09.14-16.30.04:136][  0]LogFileCache: Scanning file cache for directory 'C:/Users/Atlas/Documents/Unreal Projects/TheWitchesBrew/TheWitchesBrew/TheWitchsBrew/Content/' took 0.02s
[2018.09.14-16.30.04:136][  0]LogWindows: Warning: CreateProc failed: The system cannot find the file specified. (0x00000002)
[2018.09.14-16.30.04:136][  0]LogWindows: Warning: URL: C:/Program Files/Git/bin/git.exe version
[2018.09.14-16.30.04:137][  0]LogWindows: Warning: CreateProc failed: The system cannot find the file specified. (0x00000002)
[2018.09.14-16.30.04:137][  0]LogWindows: Warning: URL: C:/Program Files (x86)/Git/bin/git.exe version
[2018.09.14-16.30.04:137][  0]LogWindows: Warning: CreateProc failed: The system cannot find the file specified. (0x00000002)
[2018.09.14-16.30.04:137][  0]LogWindows: Warning: URL: C:\Users\Atlas\AppData\Local/Programs/Git/cmd/git.exe version
[2018.09.14-16.30.04:137][  0]LogWindows: Warning: CreateProc failed: The system cannot find the file specified. (0x00000002)
[2018.09.14-16.30.04:137][  0]LogWindows: Warning: URL: C:/Program Files (x86)/SmartGit/git/bin/git.exe version
[2018.09.14-16.30.04:138][  0]LogWindows: Warning: CreateProc failed: The system cannot find the file specified. (0x00000002)
[2018.09.14-16.30.04:138][  0]LogWindows: Warning: URL: C:/Program Files (x86)/SmartGit/bin/git.exe version
[2018.09.14-16.30.04:138][  0]LogWindows: Warning: CreateProc failed: The system cannot find the file specified. (0x00000002)
[2018.09.14-16.30.04:138][  0]LogWindows: Warning: URL: C:\Users\Atlas\AppData\Local/Atlassian/SourceTree/git_local/bin/git.exe version
[2018.09.14-16.30.04:139][  0]LogWindows: Warning: CreateProc failed: The system cannot find the file specified. (0x00000002)
[2018.09.14-16.30.04:139][  0]LogWindows: Warning: URL: C:/Program Files (x86)/fournova/Tower/vendor/Git/bin/git.exe version
[2018.09.14-16.30.04:140][  0]LightingResults: New page: Lighting Build
[2018.09.14-16.30.04:146][  0]MapCheck: New page: Map Check
[2018.09.14-16.30.04:146][  0]LightingResults: New page: Lighting Build
[2018.09.14-16.30.05:030][  0]LogAIModule: Creating AISystem for world FirstPersonExampleMap
[2018.09.14-16.30.05:047][  0]LogEditorServer: Finished looking for orphan Actors (0.000 secs)
[2018.09.14-16.30.05:093][  0]Cmd: MAP CHECKDEP NOCLEARLOG
[2018.09.14-16.30.05:250][  0]MapCheck: Map check complete: 0 Error(s), 0 Warning(s), took 156.821ms to complete.
[2018.09.14-16.30.05:250][  0]LogFileHelpers: Loading map 'FirstPersonExampleMap' took 1.111
[2018.09.14-16.30.05:378][  0]LogSlate: Updating window title bar state: overlay mode, drag disabled, window buttons hidden, title bar hidden
[2018.09.14-16.30.05:389][  0]LogSlate: Updating window title bar state: overlay mode, drag disabled, window buttons hidden, title bar hidden
[2018.09.14-16.30.05:404][  0]LogSlate: Updating window title bar state: overlay mode, drag disabled, window buttons hidden, title bar hidden
[2018.09.14-16.30.05:415][  0]LogSlate: Updating window title bar state: overlay mode, drag disabled, window buttons hidden, title bar hidden
[2018.09.14-16.30.05:427][  0]LogCollectionManager: Loaded 0 collections in 0.003432 seconds
[2018.09.14-16.30.05:482][  0]LogFileCache: Scanning file cache for directory 'C:/Users/Atlas/Documents/Unreal Projects/TheWitchesBrew/TheWitchesBrew/TheWitchsBrew/Saved/Collections/' took 0.01s
[2018.09.14-16.30.05:482][  0]LogFileCache: Scanning file cache for directory 'C:/Users/Atlas/Documents/Unreal Projects/TheWitchesBrew/TheWitchesBrew/TheWitchsBrew/Content/Developers/Atlas/Collections/' took 0.01s
[2018.09.14-16.30.05:482][  0]LogFileCache: Scanning file cache for directory 'C:/Users/Atlas/Documents/Unreal Projects/TheWitchesBrew/TheWitchesBrew/TheWitchsBrew/Content/Collections/' took 0.01s
[2018.09.14-16.30.05:482][  0]LogCollectionManager: Rebuilt the GUID cache for 0 collections in 0.000001 seconds
[2018.09.14-16.30.05:497][  0]LogContentBrowser: Native class hierarchy populated in 0.0155 seconds. Added 2572 classes and 603 folders.
[2018.09.14-16.30.05:509][  0]LogContentBrowser: Native class hierarchy updated for 'WidgetCarousel' in 0.0004 seconds. Added 0 classes and 0 folders.
[2018.09.14-16.30.05:615][  0]LogContentBrowser: Native class hierarchy updated for 'AddContentDialog' in 0.0004 seconds. Added 0 classes and 0 folders.
[2018.09.14-16.30.05:624][  0]LogContentBrowser: Native class hierarchy updated for 'SceneOutliner' in 0.0005 seconds. Added 1 classes and 2 folders.
[2018.09.14-16.30.05:645][  0]LogSlate: Took 0.000502 seconds to synchronously load lazily loaded font '../../../Engine/Content/Slate/Fonts/Roboto-Regular.ttf' (155K)
[2018.09.14-16.30.05:649][  0]LogSlate: Took 0.001373 seconds to synchronously load lazily loaded font '../../../Engine/Content/Slate/Fonts/Roboto-Bold.ttf' (160K)
[2018.09.14-16.30.05:660][  0]LogSlate: Took 0.000582 seconds to synchronously load lazily loaded font '../../../Engine/Content/Editor/Slate/Fonts/FontAwesome.ttf' (139K)
[2018.09.14-16.30.05:781][  0]LogRenderer: Reallocating scene render targets to support 756x456 Format 10 NumSamples 1 (Frame:1).
[2018.09.14-16.30.05:928][  0]LogContentBrowser: Native class hierarchy updated for 'HierarchicalLODOutliner' in 0.0005 seconds. Added 0 classes and 0 folders.
[2018.09.14-16.30.05:928][  0]LogLoad: (Engine Initialization) Total time: 15.00 seconds
[2018.09.14-16.30.05:928][  0]LogLoad: (Engine Initialization) Total Blueprint compile time: 0.00 seconds
[2018.09.14-16.30.05:939][  0]LogWindowsTextInputMethodSystem: Display: IME system now deactivated.
[2018.09.14-16.30.05:961][  0]LogContentStreaming: Texture pool size now 1000 MB
[2018.09.14-16.30.05:982][  0]LogSlate: Took 0.000485 seconds to synchronously load lazily loaded font '../../../Engine/Content/Slate/Fonts/Roboto-Light.ttf' (167K)
[2018.09.14-16.30.06:054][  2]LogAssetRegistry: Asset discovery search completed in 7.9261 seconds
[2018.09.14-16.30.06:057][  2]LogCollectionManager: Rebuilt the object cache for 0 collections in 0.000001 seconds (found 0 objects)
[2018.09.14-16.30.06:057][  2]LogCollectionManager: Fixed up redirectors for 0 collections in 0.000139 seconds (updated 0 objects)
[2018.09.14-16.30.09:198][360]LogSlate: FSceneViewport::OnFocusLost() reason 2
[2018.09.14-16.30.10:093][466]LogSlate: FSceneViewport::OnFocusLost() reason 2
[2018.09.14-16.30.12:059][686]LogWindows: Warning: CreateProc failed: The system cannot find the file specified. (0x00000002)
[2018.09.14-16.30.12:059][686]LogWindows: Warning: URL: C:/Program Files/Epic Games/UE_4.20/Engine/Binaries/Win64/ version
[2018.09.14-16.33.36:638][233]LogSlate: FSceneViewport::OnFocusLost() reason 2
[2018.09.14-16.33.45:430][140]LogSlate: FSceneViewport::OnFocusLost() reason 0
[2018.09.14-16.35.13:845][825]LogWindows: Warning: CreateProc failed: The system cannot find the file specified. (0x00000002)
[2018.09.14-16.35.13:845][825]LogWindows: Warning: URL: C:/Program Files/Epic Games/UE_4.20/Engine/Binaries/Win64/ version
[2018.09.14-16.35.13:845][825]SourceControl: Error: Failed to enable Git source control. You need to install Git and specify a valid path to git executable.
[2018.09.14-16.39.20:545][ 61]LogSlate: Window 'Source Control Login' being destroyed
[2018.09.14-16.39.24:980][577]LogSlate: FSceneViewport::OnFocusLost() reason 2
[2018.09.14-16.39.32:282][425]LogEditorViewport: Clicking on Actor (LMB): StaticMeshActor (Wall1)
[2018.09.14-16.39.38:407][ 67]Cmd: CAMERA ALIGN ACTIVEVIEWPORTONLY
[2018.09.14-16.39.48:278][107]Cmd: TRANSACTION UNDO
[2018.09.14-16.39.48:278][107]LogEditorTransaction: Undo Move Actors
[2018.09.14-16.39.48:291][107]LogSlate: Took 0.000524 seconds to synchronously load lazily loaded font '../../../Engine/Content/Slate/Fonts/Roboto-Light.ttf' (167K)
[2018.09.14-16.39.51:035][378]LogSlate: FSceneViewport::OnFocusLost() reason 2
[2018.09.14-16.39.53:985][658]SourceControl: fatal: C:/Program Files/Epic Games/UE_4.20/Engine/Content: 'C:/Program Files/Epic Games/UE_4.20/Engine/Content' is outside repository
[2018.09.14-16.39.54:258][658]EditorErrors: Warning: No assets to check in!
[2018.09.14-16.40.02:927][182]LogSlate: FSceneViewport::OnFocusLost() reason 0
[2018.09.14-16.40.48:598][586]LogFileHelpers: Editor autosave (incl. sublevels) for '/Game/FirstPersonBP/Maps/FirstPersonExampleMap' took 0.035
[2018.09.14-16.43.54:002][861]SourceControl: fatal: C:/Program Files/Epic Games/UE_4.20/Engine/Content: 'C:/Program Files/Epic Games/UE_4.20/Engine/Content' is outside repository
[2018.09.14-16.43.54:250][861]EditorErrors: Warning: No assets to check in!
[2018.09.14-16.43.59:898][396]LogSlate: Window 'Message Log' being destroyed
[2018.09.14-16.43.59:904][396]LogSlate: Window 'Message Log' being destroyed
[2018.09.14-16.44.11:978][619]LogAssetEditorManager: Opening Asset editor for World /Game/FirstPersonBP/TestGit/Test.Test
[2018.09.14-16.44.18:801][619]LogSlate: Window 'Save Content' being destroyed
[2018.09.14-16.44.24:146][113]LogSavePackage: Moving '../../../../../../Users/Atlas/Documents/Unreal Projects/TheWitchesBrew/TheWitchesBrew/TheWitchsBrew/Saved/Test8388BEB74DAD66BE66D9B891F61060A8.tmp' to '../../../../../../Users/Atlas/Documents/Unreal Projects/TheWitchesBrew/TheWitchesBrew/TheWitchsBrew/Content/FirstPersonBP/TestGit/Test.umap'
[2018.09.14-16.44.24:489][113]LogFileHelpers: Saving map 'Test' took 0.557
[2018.09.14-16.44.28:809][525]SourceControl: fatal: C:/Program Files/Epic Games/UE_4.20/Engine/Content: 'C:/Program Files/Epic Games/UE_4.20/Engine/Content' is outside repository
[2018.09.14-16.44.45:663][525]LogSlate: Window 'Submit Files' being destroyed
[2018.09.14-16.44.46:633][525]LogSourceControl: commit successful: [master b19ad66] Testing The process
[2018.09.14-16.44.46:751][525]SourceControl: [master b19ad66] Testing The process
[2018.09.14-16.44.46:751][525]SourceControl:  1 file changed, 0 insertions(+), 0 deletions(-)
[2018.09.14-16.44.46:751][525]SourceControl:  create mode 100644 TheWitchsBrew/Content/FirstPersonBP/TestGit/Test.umap
[2018.09.14-16.44.46:758][525]SourceControl: Commited [master b19ad66] Testing The process.
